  main.cpp
C:\Users\danie\Documents\GitHub\Math-Comp-2-Group-3\RayLibStarterTemplateEmpty\src\main.cpp(101,18): warning C4244: 'initializing': conversion from 'int' to 'float', possible loss of data
C:\Users\danie\Documents\GitHub\Math-Comp-2-Group-3\RayLibStarterTemplateEmpty\src\main.cpp(220,56): warning C4244: 'argument': conversion from 'float' to 'int', possible loss of data
C:\Users\danie\Documents\GitHub\Math-Comp-2-Group-3\RayLibStarterTemplateEmpty\src\main.cpp(221,70): warning C4244: 'argument': conversion from 'float' to 'int', possible loss of data
C:\Users\danie\Documents\GitHub\Math-Comp-2-Group-3\RayLibStarterTemplateEmpty\src\main.cpp(227,65): warning C4244: 'argument': conversion from 'float' to 'int', possible loss of data
C:\Users\danie\Documents\GitHub\Math-Comp-2-Group-3\RayLibStarterTemplateEmpty\src\main.cpp(228,79): warning C4244: 'argument': conversion from 'float' to 'int', possible loss of data
C:\Users\danie\Documents\GitHub\Math-Comp-2-Group-3\RayLibStarterTemplateEmpty\src\main.cpp(235,78): warning C4244: 'argument': conversion from 'float' to 'int', possible loss of data
C:\Users\danie\Documents\GitHub\Math-Comp-2-Group-3\RayLibStarterTemplateEmpty\src\main.cpp(239,64): warning C4244: 'argument': conversion from 'float' to 'int', possible loss of data
C:\Users\danie\Documents\GitHub\Math-Comp-2-Group-3\RayLibStarterTemplateEmpty\src\main.cpp(245,58): warning C4244: 'argument': conversion from 'float' to 'int', possible loss of data
C:\Users\danie\Documents\GitHub\Math-Comp-2-Group-3\RayLibStarterTemplateEmpty\src\main.cpp(246,95): warning C4244: 'argument': conversion from 'float' to 'int', possible loss of data
raylib.lib(rcore.obj) : warning LNK4099: PDB 'raylib.pdb' was not found with 'raylib.lib(rcore.obj)' or at 'C:\Users\danie\Documents\GitHub\Math-Comp-2-Group-3\RayLibStarterTemplateEmpty\x64\Debug\raylib.pdb'; linking object as if no debug info
raylib.lib(rshapes.obj) : warning LNK4099: PDB 'raylib.pdb' was not found with 'raylib.lib(rshapes.obj)' or at 'C:\Users\danie\Documents\GitHub\Math-Comp-2-Group-3\RayLibStarterTemplateEmpty\x64\Debug\raylib.pdb'; linking object as if no debug info
raylib.lib(rtext.obj) : warning LNK4099: PDB 'raylib.pdb' was not found with 'raylib.lib(rtext.obj)' or at 'C:\Users\danie\Documents\GitHub\Math-Comp-2-Group-3\RayLibStarterTemplateEmpty\x64\Debug\raylib.pdb'; linking object as if no debug info
raylib.lib(utils.obj) : warning LNK4099: PDB 'raylib.pdb' was not found with 'raylib.lib(utils.obj)' or at 'C:\Users\danie\Documents\GitHub\Math-Comp-2-Group-3\RayLibStarterTemplateEmpty\x64\Debug\raylib.pdb'; linking object as if no debug info
raylib.lib(rtextures.obj) : warning LNK4099: PDB 'raylib.pdb' was not found with 'raylib.lib(rtextures.obj)' or at 'C:\Users\danie\Documents\GitHub\Math-Comp-2-Group-3\RayLibStarterTemplateEmpty\x64\Debug\raylib.pdb'; linking object as if no debug info
raylib.lib(rglfw.obj) : warning LNK4099: PDB 'raylib.pdb' was not found with 'raylib.lib(rglfw.obj)' or at 'C:\Users\danie\Documents\GitHub\Math-Comp-2-Group-3\RayLibStarterTemplateEmpty\x64\Debug\raylib.pdb'; linking object as if no debug info
  RayLibStarterTemplate.vcxproj -> C:\Users\danie\Documents\GitHub\Math-Comp-2-Group-3\RayLibStarterTemplateEmpty\x64\Debug\RayLibStarterTemplateEmpty.exe
  updates the resource folder
  C:\Users\danie\Documents\GitHub\Math-Comp-2-Group-3\RayLibStarterTemplateEmpty\resources\desktop.ini
  C:\Users\danie\Documents\GitHub\Math-Comp-2-Group-3\RayLibStarterTemplateEmpty\resources\logo_background.png.png
  C:\Users\danie\Documents\GitHub\Math-Comp-2-Group-3\RayLibStarterTemplateEmpty\resources\logo_background2.png
  3 File(s) copied
